Arguments: 
  /Users/dallashall/.nvm/versions/node/v9.7.1/bin/node /Users/dallashall/.nvm/versions/node/v9.7.1/bin/yarn build

PATH: 
  /Users/dallashall/.rbenv/shims:/usr/local/bin:/usr/bin:/bin:/usr/sbin:/sbin:/Applications/VMware Fusion.app/Contents/Public:/Applications/Postgres.app/Contents/Versions/latest/bin:/Users/dallashall/.nvm/versions/node/v9.7.1/bin:/Users/dallashall/.rbenv/shims

Yarn version: 
  1.5.1

Node version: 
  9.7.1

Platform: 
  darwin x64

npm manifest: 
  {
    "name": "eventr",
    "version": "0.1.0",
    "description": "",
    "main": "index.js",
    "scripts": {
      "test": "echo \"Error: no test specified\" && exit 1",
      "start:dev": "nodemon ./dist/index.js",
      "build": "babel -w ./ --out-dir dist/ --ignore ./node_modules,./.babelrc,./package.json,./npm-debug.log,./dist --copy-files"
    },
    "repository": {
      "type": "git",
      "url": "git+https://github.com/dallashall/eventr.git"
    },
    "author": "dallas hall",
    "license": "ISC",
    "bugs": {
      "url": "https://github.com/dallashall/eventr/issues"
    },
    "homepage": "https://github.com/dallashall/eventr#readme",
    "dependencies": {
      "express": "^4.16.3",
      "redux": "^3.7.2",
      "socket.io": "^2.0.4"
    },
    "devDependencies": {
      "@babel/cli": "^7.0.0-beta.42",
      "@babel/core": "^7.0.0-beta.42",
      "@babel/plugin-proposal-class-properties": "^7.0.0-beta.42",
      "@babel/plugin-proposal-object-rest-spread": "^7.0.0-beta.42",
      "@babel/preset-env": "^7.0.0-beta.42",
      "babel-loader": "^8.0.0-beta.2",
      "nodemon": "^1.17.2",
      "webpack": "^4.4.1"
    }
  }

yarn manifest: 
  No manifest

Lockfile: 
  No lockfile

Trace: 
  Error: Command failed.
  Exit code: 1
  Command: sh
  Arguments: -c babel -w ./ --out-dir dist/ --ignore ./node_modules,./.babelrc,./package.json,./npm-debug.log,./dist --copy-files
  Directory: /Users/dallashall/personal/eventr
  Output:
  
      at ProcessTermError.MessageError (/Users/dallashall/.nvm/versions/node/v9.7.1/lib/node_modules/yarn/lib/cli.js:186:110)
      at new ProcessTermError (/Users/dallashall/.nvm/versions/node/v9.7.1/lib/node_modules/yarn/lib/cli.js:226:113)
      at ChildProcess.<anonymous> (/Users/dallashall/.nvm/versions/node/v9.7.1/lib/node_modules/yarn/lib/cli.js:30281:17)
      at ChildProcess.emit (events.js:127:13)
      at maybeClose (internal/child_process.js:936:16)
      at Process.ChildProcess._handle.onexit (internal/child_process.js:220:5)
